<?xml version="1.0" encoding="UTF-8" standalone="yes"?>
<UserRateEvent>
    <email>unittest@mail.com</email>
    <rating>0.0</rating>
</UserRateEvent>
